100903 16:22:08 mysqld_safe Starting mysqld daemon with databases from /usr/local/var/mysql
100903 16:22:08 [Warning] Setting lower_case_table_names=2 because file system for /usr/local/var/mysql/ is case insensitive
InnoDB: The first specified data file ./ibdata1 did not exist:
InnoDB: a new database to be created!
100903 16:22:08  InnoDB: Setting file ./ibdata1 size to 10 MB
InnoDB: Database physically writes the file full: wait...
100903 16:22:08  InnoDB: Log file ./ib_logfile0 did not exist: new to be created
InnoDB: Setting log file ./ib_logfile0 size to 5 MB
InnoDB: Database physically writes the file full: wait...
100903 16:22:09  InnoDB: Log file ./ib_logfile1 did not exist: new to be created
InnoDB: Setting log file ./ib_logfile1 size to 5 MB
InnoDB: Database physically writes the file full: wait...
InnoDB: Doublewrite buffer not found: creating new
InnoDB: Doublewrite buffer created
InnoDB: Creating foreign key constraint system tables
InnoDB: Foreign key constraint system tables created
100903 16:22:09  InnoDB: Started; log sequence number 0 0
100903 16:22:09 [Note] Event Scheduler: Loaded 0 events
100903 16:22:09 [Note] /usr/local/Cellar/mysql/5.1.49/libexec/mysqld: ready for connections.
Version: '5.1.49'  socket: '/tmp/mysql.sock'  port: 3306  Source distribution
100903 16:22:29 [Warning] Got signal 1 from thread 0
100903 16:23:02 mysqld_safe mysqld restarted
100903 16:23:02 [Warning] Setting lower_case_table_names=2 because file system for /usr/local/var/mysql/ is case insensitive
InnoDB: The log sequence number in ibdata files does not match
InnoDB: the log sequence number in the ib_logfiles!
100903 16:23:02  InnoDB: Database was not shut down normally!
InnoDB: Starting crash recovery.
InnoDB: Reading tablespace information from the .ibd files...
InnoDB: Restoring possible half-written data pages from the doublewrite
InnoDB: buffer...
100903 16:23:02  InnoDB: Started; log sequence number 0 44233
100903 16:23:02 [Note] Event Scheduler: Loaded 0 events
100903 16:23:02 [Note] /usr/local/Cellar/mysql/5.1.49/libexec/mysqld: ready for connections.
Version: '5.1.49'  socket: '/tmp/mysql.sock'  port: 3306  Source distribution
100903 16:23:07 mysqld_safe mysqld restarted
100903 16:23:07 [Warning] Setting lower_case_table_names=2 because file system for /usr/local/var/mysql/ is case insensitive
InnoDB: The log sequence number in ibdata files does not match
InnoDB: the log sequence number in the ib_logfiles!
100903 16:23:08  InnoDB: Database was not shut down normally!
InnoDB: Starting crash recovery.
InnoDB: Reading tablespace information from the .ibd files...
InnoDB: Restoring possible half-written data pages from the doublewrite
InnoDB: buffer...
100903 16:23:08  InnoDB: Started; log sequence number 0 44233
100903 16:23:08 [Note] Event Scheduler: Loaded 0 events
100903 16:23:08 [Note] /usr/local/Cellar/mysql/5.1.49/libexec/mysqld: ready for connections.
Version: '5.1.49'  socket: '/tmp/mysql.sock'  port: 3306  Source distribution
100903 16:23:38 mysqld_safe A mysqld process already exists
100903 16:23:42 mysqld_safe A mysqld process already exists
100903 16:23:44 mysqld_safe A mysqld process already exists
100903 16:23:47 mysqld_safe A mysqld process already exists
100903 16:23:49 mysqld_safe A mysqld process already exists
100903 16:24:46 mysqld_safe A mysqld process already exists
100903 16:26:06 mysqld_safe mysqld restarted
100903 16:26:06 [Warning] Setting lower_case_table_names=2 because file system for /usr/local/var/mysql/ is case insensitive
InnoDB: The log sequence number in ibdata files does not match
InnoDB: the log sequence number in the ib_logfiles!
100903 16:26:06  InnoDB: Database was not shut down normally!
InnoDB: Starting crash recovery.
InnoDB: Reading tablespace information from the .ibd files...
InnoDB: Restoring possible half-written data pages from the doublewrite
InnoDB: buffer...
100903 16:26:06  InnoDB: Started; log sequence number 0 44233
100903 16:26:06 [Note] Event Scheduler: Loaded 0 events
100903 16:26:06 [Note] /usr/local/Cellar/mysql/5.1.49/libexec/mysqld: ready for connections.
Version: '5.1.49'  socket: '/tmp/mysql.sock'  port: 3306  Source distribution
100903 16:28:20 [Note] /usr/local/Cellar/mysql/5.1.49/libexec/mysqld: Normal shutdown

100903 16:28:20 [Note] Event Scheduler: Purging the queue. 0 events
100903 16:28:20  InnoDB: Starting shutdown...
100903 16:28:21  InnoDB: Shutdown completed; log sequence number 0 44233
100903 16:28:21 [Note] /usr/local/Cellar/mysql/5.1.49/libexec/mysqld: Shutdown complete

100920 14:26:12 mysqld_safe Starting mysqld daemon with databases from /usr/local/var/mysql
100920 14:26:12 [Warning] Setting lower_case_table_names=2 because file system for /usr/local/var/mysql/ is case insensitive
100920 14:26:12  InnoDB: Started; log sequence number 0 44243
100920 14:26:13 [Note] Event Scheduler: Loaded 0 events
100920 14:26:13 [Note] /usr/local/Cellar/mysql/5.1.49/libexec/mysqld: ready for connections.
Version: '5.1.49'  socket: '/tmp/mysql.sock'  port: 3306  Source distribution
100924 10:08:52 [Note] /usr/local/Cellar/mysql/5.1.49/libexec/mysqld: Normal shutdown

100924 10:08:52 [Note] Event Scheduler: Purging the queue. 0 events
100924 10:08:53  InnoDB: Starting shutdown...
100924 10:08:54  InnoDB: Shutdown completed; log sequence number 0 44243
100924 10:08:54 [Note] /usr/local/Cellar/mysql/5.1.49/libexec/mysqld: Shutdown complete

100924 10:09:27 mysqld_safe Starting mysqld daemon with databases from /usr/local/var/mysql
100924 10:09:27 [Warning] '--default-character-set' is deprecated and will be removed in a future release. Please use '--character-set-server' instead.
100924 10:09:27 [Warning] 'record_buffer' is deprecated and will be removed in a future release. Please use 'read_buffer_size' instead.
Unknown suffix ';' used for variable 'net_buffer_length' (value '1000000;')
100924 10:09:27 [Warning] option 'net_buffer_length': unsigned value 0 adjusted to 1024
100924 10:09:27 [ERROR] /usr/local/Cellar/mysql/5.1.49/libexec/mysqld: Error while setting value '1000000;' to 'net_buffer_length'
100924 10:09:27 [ERROR] Aborting

100924 10:09:27 mysqld_safe mysqld from pid file /usr/local/var/mysql/a00397.dmcgroup.net.pid ended
100924 10:09:37 mysqld_safe Starting mysqld daemon with databases from /usr/local/var/mysql
100924 10:09:37 [Warning] '--default-character-set' is deprecated and will be removed in a future release. Please use '--character-set-server' instead.
100924 10:09:37 [Warning] 'record_buffer' is deprecated and will be removed in a future release. Please use 'read_buffer_size' instead.
Unknown suffix ';' used for variable 'net_buffer_length' (value '1000000;')
100924 10:09:37 [Warning] option 'net_buffer_length': unsigned value 0 adjusted to 1024
100924 10:09:37 [ERROR] /usr/local/Cellar/mysql/5.1.49/libexec/mysqld: Error while setting value '1000000;' to 'net_buffer_length'
100924 10:09:37 [ERROR] Aborting

100924 10:09:37 mysqld_safe mysqld from pid file /usr/local/var/mysql/a00397.dmcgroup.net.pid ended
100924 10:09:47 mysqld_safe Starting mysqld daemon with databases from /usr/local/var/mysql
100924 10:09:47 [Warning] '--default-character-set' is deprecated and will be removed in a future release. Please use '--character-set-server' instead.
100924 10:09:47 [Warning] 'record_buffer' is deprecated and will be removed in a future release. Please use 'read_buffer_size' instead.
Unknown suffix ';' used for variable 'net_buffer_length' (value '1000000;')
100924 10:09:47 [Warning] option 'net_buffer_length': unsigned value 0 adjusted to 1024
100924 10:09:47 [ERROR] /usr/local/Cellar/mysql/5.1.49/libexec/mysqld: Error while setting value '1000000;' to 'net_buffer_length'
100924 10:09:47 [ERROR] Aborting

100924 10:09:47 mysqld_safe mysqld from pid file /usr/local/var/mysql/a00397.dmcgroup.net.pid ended
100924 10:09:57 mysqld_safe Starting mysqld daemon with databases from /usr/local/var/mysql
100924 10:09:57 [Warning] '--default-character-set' is deprecated and will be removed in a future release. Please use '--character-set-server' instead.
100924 10:09:57 [Warning] 'record_buffer' is deprecated and will be removed in a future release. Please use 'read_buffer_size' instead.
Unknown suffix ';' used for variable 'net_buffer_length' (value '1000000;')
100924 10:09:57 [Warning] option 'net_buffer_length': unsigned value 0 adjusted to 1024
100924 10:09:57 [ERROR] /usr/local/Cellar/mysql/5.1.49/libexec/mysqld: Error while setting value '1000000;' to 'net_buffer_length'
100924 10:09:57 [ERROR] Aborting

100924 10:09:57 mysqld_safe mysqld from pid file /usr/local/var/mysql/a00397.dmcgroup.net.pid ended
100924 10:10:07 mysqld_safe Starting mysqld daemon with databases from /usr/local/var/mysql
100924 10:10:07 [Warning] Setting lower_case_table_names=2 because file system for /usr/local/var/mysql/ is case insensitive
100924 10:10:07  InnoDB: Started; log sequence number 0 44243
100924 10:10:07 [Note] Event Scheduler: Loaded 0 events
100924 10:10:07 [Note] /usr/local/Cellar/mysql/5.1.49/libexec/mysqld: ready for connections.
Version: '5.1.49'  socket: '/tmp/mysql.sock'  port: 3306  Source distribution
100924 10:10:28 [Note] /usr/local/Cellar/mysql/5.1.49/libexec/mysqld: Normal shutdown

100924 10:10:28 [Note] Event Scheduler: Purging the queue. 0 events
100924 10:10:28  InnoDB: Starting shutdown...
100924 10:10:33  InnoDB: Shutdown completed; log sequence number 0 44243
100924 10:10:33 [Note] /usr/local/Cellar/mysql/5.1.49/libexec/mysqld: Shutdown complete

100924 10:10:35 mysqld_safe Starting mysqld daemon with databases from /usr/local/var/mysql
100924 10:10:35 [Warning] Setting lower_case_table_names=2 because file system for /usr/local/var/mysql/ is case insensitive
100924 10:10:35  InnoDB: Started; log sequence number 0 44243
100924 10:10:35 [Note] Event Scheduler: Loaded 0 events
100924 10:10:35 [Note] /usr/local/Cellar/mysql/5.1.49/libexec/mysqld: ready for connections.
Version: '5.1.49'  socket: '/tmp/mysql.sock'  port: 3306  Source distribution
100924 10:14:04 [Note] /usr/local/Cellar/mysql/5.1.49/libexec/mysqld: Normal shutdown

100924 10:14:04 [Note] Event Scheduler: Purging the queue. 0 events
100924 10:14:04  InnoDB: Starting shutdown...
100924 10:14:05 mysqld_safe A mysqld process already exists
100924 10:14:05  InnoDB: Shutdown completed; log sequence number 0 44243
100924 10:14:05 [Note] /usr/local/Cellar/mysql/5.1.49/libexec/mysqld: Shutdown complete

100924 10:14:15 mysqld_safe Starting mysqld daemon with databases from /usr/local/var/mysql
100924 10:14:15 [Warning] Setting lower_case_table_names=2 because file system for /usr/local/var/mysql/ is case insensitive
100924 10:14:15  InnoDB: Started; log sequence number 0 44243
100924 10:14:15 [Note] Event Scheduler: Loaded 0 events
100924 10:14:15 [Note] /usr/local/Cellar/mysql/5.1.49/libexec/mysqld: ready for connections.
Version: '5.1.49'  socket: '/tmp/mysql.sock'  port: 3306  Source distribution
100924 10:15:42 mysqld_safe A mysqld process already exists
100924 10:15:45 [Note] /usr/local/Cellar/mysql/5.1.49/libexec/mysqld: Normal shutdown

100924 10:15:45 [Note] Event Scheduler: Purging the queue. 0 events
100924 10:15:45  InnoDB: Starting shutdown...
100924 10:15:50  InnoDB: Shutdown completed; log sequence number 0 44243
100924 10:15:50 [Note] /usr/local/Cellar/mysql/5.1.49/libexec/mysqld: Shutdown complete

100924 10:15:52 mysqld_safe Starting mysqld daemon with databases from /usr/local/var/mysql
100924 10:15:52 [Warning] Setting lower_case_table_names=2 because file system for /usr/local/var/mysql/ is case insensitive
100924 10:15:52  InnoDB: Started; log sequence number 0 44243
100924 10:15:52 [Note] Event Scheduler: Loaded 0 events
100924 10:15:52 [Note] /usr/local/Cellar/mysql/5.1.49/libexec/mysqld: ready for connections.
Version: '5.1.49'  socket: '/tmp/mysql.sock'  port: 3306  Source distribution
100924 10:17:27 [Note] /usr/local/Cellar/mysql/5.1.49/libexec/mysqld: Normal shutdown

100924 10:17:27 [Note] Event Scheduler: Purging the queue. 0 events
100924 10:17:27  InnoDB: Starting shutdown...
100924 10:17:32  InnoDB: Shutdown completed; log sequence number 0 44243
100924 10:17:32 [Note] /usr/local/Cellar/mysql/5.1.49/libexec/mysqld: Shutdown complete

100924 10:17:38 mysqld_safe Starting mysqld daemon with databases from /usr/local/var/mysql
100924 10:17:38 [Warning] Setting lower_case_table_names=2 because file system for /usr/local/var/mysql/ is case insensitive
100924 10:17:38  InnoDB: Started; log sequence number 0 44243
100924 10:17:38 [Note] Event Scheduler: Loaded 0 events
100924 10:17:38 [Note] /usr/local/Cellar/mysql/5.1.49/libexec/mysqld: ready for connections.
Version: '5.1.49'  socket: '/tmp/mysql.sock'  port: 3306  Source distribution
100928  9:14:59 [Note] /usr/local/Cellar/mysql/5.1.49/libexec/mysqld: Normal shutdown

100928  9:14:59 [Note] Event Scheduler: Purging the queue. 0 events
100928  9:14:59  InnoDB: Starting shutdown...
100928  9:15:03  InnoDB: Shutdown completed; log sequence number 0 44243
100928  9:15:03 [Note] /usr/local/Cellar/mysql/5.1.49/libexec/mysqld: Shutdown complete

101008 08:34:09 mysqld_safe Starting mysqld daemon with databases from /usr/local/var/mysql
101008  8:34:09 [Warning] Setting lower_case_table_names=2 because file system for /usr/local/var/mysql/ is case insensitive
101008  8:34:09  InnoDB: Started; log sequence number 0 44243
101008  8:34:09 [Note] Event Scheduler: Loaded 0 events
101008  8:34:09 [Note] /usr/local/Cellar/mysql/5.1.49/libexec/mysqld: ready for connections.
Version: '5.1.49'  socket: '/tmp/mysql.sock'  port: 3306  Source distribution
