100906 21:57:12 mysqld_safe Starting mysqld daemon with databases from /usr/local/var/mysql
100906 21:57:12 [Warning] Setting lower_case_table_names=2 because file system for /usr/local/var/mysql/ is case insensitive
100906 21:57:12  InnoDB: Started; log sequence number 0 44233
100906 21:57:13 [Note] Event Scheduler: Loaded 0 events
100906 21:57:13 [Note] /usr/local/Cellar/mysql/5.1.49/libexec/mysqld: ready for connections.
Version: '5.1.49'  socket: '/tmp/mysql.sock'  port: 3306  Source distribution
100906 22:49:48 [Note] /usr/local/Cellar/mysql/5.1.49/libexec/mysqld: Normal shutdown

100906 22:49:48 [Note] Event Scheduler: Purging the queue. 0 events
100906 22:49:49  InnoDB: Starting shutdown...
100906 22:49:52  InnoDB: Shutdown completed; log sequence number 0 44233
100906 22:49:52 [Note] /usr/local/Cellar/mysql/5.1.49/libexec/mysqld: Shutdown complete

100906 23:01:50 mysqld_safe Starting mysqld daemon with databases from /usr/local/var/mysql
100906 23:01:50 [Warning] Setting lower_case_table_names=2 because file system for /usr/local/var/mysql/ is case insensitive
100906 23:01:51  InnoDB: Started; log sequence number 0 44233
100906 23:01:51 [Note] Event Scheduler: Loaded 0 events
100906 23:01:51 [Note] /usr/local/Cellar/mysql/5.1.49/libexec/mysqld: ready for connections.
Version: '5.1.49'  socket: '/tmp/mysql.sock'  port: 3306  Source distribution
100907 16:51:41 [Note] /usr/local/Cellar/mysql/5.1.49/libexec/mysqld: Normal shutdown

100907 16:51:42 [Note] Event Scheduler: Purging the queue. 0 events
100907 16:51:42  InnoDB: Starting shutdown...
100907 16:51:45  InnoDB: Shutdown completed; log sequence number 0 44243
100907 16:51:45 [Note] /usr/local/Cellar/mysql/5.1.49/libexec/mysqld: Shutdown complete

101011 23:45:19 mysqld_safe Starting mysqld daemon with databases from /usr/local/var/mysql
101011 23:45:19 [Warning] Setting lower_case_table_names=2 because file system for /usr/local/var/mysql/ is case insensitive
101011 23:45:19  InnoDB: Started; log sequence number 0 44243
101011 23:45:19 [Note] Event Scheduler: Loaded 0 events
101011 23:45:19 [Note] /usr/local/Cellar/mysql/5.1.49/libexec/mysqld: ready for connections.
Version: '5.1.49'  socket: '/tmp/mysql.sock'  port: 3306  Source distribution
