101116 20:44:04 mysqld_safe Starting mysqld daemon with databases from /usr/local/var/mysql
101116 20:44:04 [Warning] Setting lower_case_table_names=2 because file system for /usr/local/var/mysql/ is case insensitive
InnoDB: The first specified data file ./ibdata1 did not exist:
InnoDB: a new database to be created!
101116 20:44:04  InnoDB: Setting file ./ibdata1 size to 10 MB
InnoDB: Database physically writes the file full: wait...
101116 20:44:04  InnoDB: Log file ./ib_logfile0 did not exist: new to be created
InnoDB: Setting log file ./ib_logfile0 size to 5 MB
InnoDB: Database physically writes the file full: wait...
101116 20:44:05  InnoDB: Log file ./ib_logfile1 did not exist: new to be created
InnoDB: Setting log file ./ib_logfile1 size to 5 MB
InnoDB: Database physically writes the file full: wait...
InnoDB: Doublewrite buffer not found: creating new
InnoDB: Doublewrite buffer created
InnoDB: Creating foreign key constraint system tables
InnoDB: Foreign key constraint system tables created
101116 20:44:05  InnoDB: Started; log sequence number 0 0
101116 20:44:05 [Note] Event Scheduler: Loaded 0 events
101116 20:44:05 [Note] /usr/local/Cellar/mysql/5.1.51/libexec/mysqld: ready for connections.
Version: '5.1.51'  socket: '/tmp/mysql.sock'  port: 3306  Source distribution
101116 21:10:53 [Note] /usr/local/Cellar/mysql/5.1.51/libexec/mysqld: Normal shutdown

101116 21:10:53 [Note] Event Scheduler: Purging the queue. 0 events
101116 21:10:53  InnoDB: Starting shutdown...
101116 21:10:54 mysqld_safe A mysqld process already exists
101116 21:10:55  InnoDB: Shutdown completed; log sequence number 0 44233
101116 21:10:55 [Note] /usr/local/Cellar/mysql/5.1.51/libexec/mysqld: Shutdown complete

101116 21:11:04 mysqld_safe Starting mysqld daemon with databases from /usr/local/var/mysql
101116 21:11:04 [Warning] Setting lower_case_table_names=2 because file system for /usr/local/var/mysql/ is case insensitive
101116 21:11:04  InnoDB: Started; log sequence number 0 44233
101116 21:11:04 [Note] Event Scheduler: Loaded 0 events
101116 21:11:04 [Note] /usr/local/Cellar/mysql/5.1.51/libexec/mysqld: ready for connections.
Version: '5.1.51'  socket: '/tmp/mysql.sock'  port: 3306  Source distribution
101117 10:17:14 [Note] /usr/local/Cellar/mysql/5.1.51/libexec/mysqld: Normal shutdown

101117 10:17:14 [Note] Event Scheduler: Purging the queue. 0 events
101117 10:17:14  InnoDB: Starting shutdown...
101117 10:17:16  InnoDB: Shutdown completed; log sequence number 0 44233
101117 10:17:16 [Note] /usr/local/Cellar/mysql/5.1.51/libexec/mysqld: Shutdown complete

101129 21:01:04 mysqld_safe Starting mysqld daemon with databases from /usr/local/var/mysql
101129 21:01:04 [Warning] Setting lower_case_table_names=2 because file system for /usr/local/var/mysql/ is case insensitive
101129 21:01:04  InnoDB: Started; log sequence number 0 44233
101129 21:01:04 [Note] Event Scheduler: Loaded 0 events
101129 21:01:04 [Note] /usr/local/Cellar/mysql/5.1.51/libexec/mysqld: ready for connections.
Version: '5.1.51'  socket: '/tmp/mysql.sock'  port: 3306  Source distribution
101220 17:26:16 mysqld_safe Starting mysqld daemon with databases from /usr/local/var/mysql
101220 17:26:16 [Warning] Setting lower_case_table_names=2 because file system for /usr/local/var/mysql/ is case insensitive
101220 17:26:17  InnoDB: Started; log sequence number 0 44233
101220 17:26:17 [Note] Event Scheduler: Loaded 0 events
101220 17:26:17 [Note] /usr/local/Cellar/mysql/5.1.51/libexec/mysqld: ready for connections.
Version: '5.1.51'  socket: '/tmp/mysql.sock'  port: 3306  Source distribution
101227 11:55:23 mysqld_safe Starting mysqld daemon with databases from /usr/local/var/mysql
101227 11:55:23 [Warning] Setting lower_case_table_names=2 because file system for /usr/local/var/mysql/ is case insensitive
101227 11:55:23  InnoDB: Started; log sequence number 0 44233
101227 11:55:23 [Note] Event Scheduler: Loaded 0 events
101227 11:55:23 [Note] /usr/local/Cellar/mysql/5.1.51/libexec/mysqld: ready for connections.
Version: '5.1.51'  socket: '/tmp/mysql.sock'  port: 3306  Source distribution
101229  9:10:36 [Note] /usr/local/Cellar/mysql/5.1.51/libexec/mysqld: Normal shutdown

101229  9:10:36 [Note] Event Scheduler: Purging the queue. 0 events
101229  9:10:36  InnoDB: Starting shutdown...
101229  9:10:38  InnoDB: Shutdown completed; log sequence number 0 44233
101229  9:10:38 [Note] /usr/local/Cellar/mysql/5.1.51/libexec/mysqld: Shutdown complete

101229 14:48:29 mysqld_safe Starting mysqld daemon with databases from /usr/local/var/mysql
101229 14:48:30 [Warning] Setting lower_case_table_names=2 because file system for /usr/local/var/mysql/ is case insensitive
101229 14:48:30  InnoDB: Started; log sequence number 0 44233
101229 14:48:30 [Note] Event Scheduler: Loaded 0 events
101229 14:48:30 [Note] /usr/local/Cellar/mysql/5.1.51/libexec/mysqld: ready for connections.
Version: '5.1.51'  socket: '/tmp/mysql.sock'  port: 3306  Source distribution
110106 15:25:31 [Note] /usr/local/Cellar/mysql/5.1.51/libexec/mysqld: Normal shutdown

110106 15:25:31 [Note] Event Scheduler: Purging the queue. 0 events
110106 15:25:32  InnoDB: Starting shutdown...
110106 15:25:34  InnoDB: Shutdown completed; log sequence number 0 44233
110106 15:25:34 [Note] /usr/local/Cellar/mysql/5.1.51/libexec/mysqld: Shutdown complete

110111 16:48:02 mysqld_safe Starting mysqld daemon with databases from /usr/local/var/mysql
110111 16:48:02 [Warning] Setting lower_case_table_names=2 because file system for /usr/local/var/mysql/ is case insensitive
110111 16:48:02  InnoDB: Started; log sequence number 0 44233
110111 16:48:02 [Note] Event Scheduler: Loaded 0 events
110111 16:48:02 [Note] /usr/local/Cellar/mysql/5.1.51/libexec/mysqld: ready for connections.
Version: '5.1.51'  socket: '/tmp/mysql.sock'  port: 3306  Source distribution
110118 17:16:28 mysqld_safe mysqld restarted
nohup: /usr/local/Cellar/mysql/5.1.51/libexec/mysqld: No such file or directory
110118 17:16:29 mysqld_safe mysqld from pid file /usr/local/var/mysql/a00397.local.pid ended
110118 17:17:30 mysqld_safe Starting mysqld daemon with databases from /usr/local/var/mysql
110118 17:17:30 [Warning] Setting lower_case_table_names=2 because file system for /usr/local/var/mysql/ is case insensitive
110118 17:17:30  InnoDB: Initializing buffer pool, size = 8.0M
110118 17:17:30  InnoDB: Completed initialization of buffer pool
110118 17:17:30  InnoDB: Started; log sequence number 0 44233
110118 17:17:30 [Note] Event Scheduler: Loaded 0 events
110118 17:17:30 [Note] /usr/local/Cellar/mysql/5.1.54/libexec/mysqld: ready for connections.
Version: '5.1.54'  socket: '/tmp/mysql.sock'  port: 3306  Source distribution
110119 15:56:23 [Note] /usr/local/Cellar/mysql/5.1.54/libexec/mysqld: Normal shutdown

110119 15:56:23 [Note] Event Scheduler: Purging the queue. 0 events
110119 15:56:23  InnoDB: Starting shutdown...
110119 15:56:28  InnoDB: Shutdown completed; log sequence number 0 44233
110119 15:56:28 [Note] /usr/local/Cellar/mysql/5.1.54/libexec/mysqld: Shutdown complete

110125 23:19:10 mysqld_safe Starting mysqld daemon with databases from /usr/local/var/mysql
110125 23:19:10 [Warning] Setting lower_case_table_names=2 because file system for /usr/local/var/mysql/ is case insensitive
110125 23:19:10  InnoDB: Initializing buffer pool, size = 8.0M
110125 23:19:10  InnoDB: Completed initialization of buffer pool
110125 23:19:10  InnoDB: Started; log sequence number 0 44233
110125 23:19:10 [Note] Event Scheduler: Loaded 0 events
110125 23:19:10 [Note] /usr/local/Cellar/mysql/5.1.54/libexec/mysqld: ready for connections.
Version: '5.1.54'  socket: '/tmp/mysql.sock'  port: 3306  Source distribution
110127 22:04:28 mysqld_safe Starting mysqld daemon with databases from /usr/local/var/mysql
110127 22:04:28 [Warning] Setting lower_case_table_names=2 because file system for /usr/local/var/mysql/ is case insensitive
110127 22:04:28  InnoDB: Initializing buffer pool, size = 8.0M
110127 22:04:28  InnoDB: Completed initialization of buffer pool
110127 22:04:28  InnoDB: Started; log sequence number 0 44233
110127 22:04:28 [Note] Event Scheduler: Loaded 0 events
110127 22:04:28 [Note] /usr/local/Cellar/mysql/5.1.54/libexec/mysqld: ready for connections.
Version: '5.1.54'  socket: '/tmp/mysql.sock'  port: 3306  Source distribution
